Compilación iniciada a las 04/10/2013 17:03:18.
Proyecto "C:\Users\W7\Documents\Visual Studio 2010\Projects\intercambiar_variables\intercambiar_variables\intercambiar_variables.vcxproj" en el nodo 2 (rebuild destinos).
_PrepareForClean:
  Se eliminará el archivo "Debug\intercambiar_variables.lastbuildstate".
InitializeBuildStatus:
  Se creará "Debug\intercambiar_variables.unsuccessfulbuild" porque se especificó "AlwaysCreate".
ClCompile:
  C:\Program Files\Microsoft Visual Studio 10.0\VC\bin\CL.exe /c /ZI /nologo /W3 /WX- /Od /Oy- /D _MBCS /Gm /EHsc /RTC1 /MDd /GS /fp:precise /Zc:wchar_t /Zc:forScope /Fo"Debug\\" /Fd"Debug\vc100.pdb" /Gd /TP /analyze- /errorReport:prompt intercambiar_variables.cpp
  intercambiar_variables.cpp
Link:
  C:\Program Files\Microsoft Visual Studio 10.0\VC\bin\link.exe /ERRORREPORT:PROMPT /OUT:"C:\Users\W7\Documents\Visual Studio 2010\Projects\intercambiar_variables\Debug\intercambiar_variables.exe" /NOLOGO kernel32.lib user32.lib gdi32.lib winspool.lib comdlg32.lib advapi32.lib shell32.lib ole32.lib oleaut32.lib uuid.lib odbc32.lib odbccp32.lib /MANIFEST /ManifestFile:"Debug\intercambiar_variables.exe.intermediate.manifest" /MANIFESTUAC:"level='asInvoker' uiAccess='false'" /DEBUG /PDB:"C:\Users\W7\Documents\Visual Studio 2010\Projects\intercambiar_variables\Debug\intercambiar_variables.pdb" /TLBID:1 /DYNAMICBASE /NXCOMPAT /IMPLIB:"C:\Users\W7\Documents\Visual Studio 2010\Projects\intercambiar_variables\Debug\intercambiar_variables.lib" /MACHINE:X86 Debug\intercambiar_variables.obj
  intercambiar_variables.vcxproj -> C:\Users\W7\Documents\Visual Studio 2010\Projects\intercambiar_variables\Debug\intercambiar_variables.exe
Manifest:
  C:\Program Files\Microsoft SDKs\Windows\v7.0A\bin\mt.exe /nologo /verbose /outputresource:"C:\Users\W7\Documents\Visual Studio 2010\Projects\intercambiar_variables\Debug\intercambiar_variables.exe;#1" /manifest Debug\intercambiar_variables.exe.intermediate.manifest
FinalizeBuildStatus:
  Se eliminará el archivo "Debug\intercambiar_variables.unsuccessfulbuild".
  Aplicando tarea Touch a "Debug\intercambiar_variables.lastbuildstate".
Compilación del proyecto terminada "C:\Users\W7\Documents\Visual Studio 2010\Projects\intercambiar_variables\intercambiar_variables\intercambiar_variables.vcxproj" (rebuild destinos).

Compilación correcta.

Tiempo transcurrido 00:00:02.42
