Compilación iniciada a las 12/10/2013 22:45:31.
Proyecto "Z:\GregorioVidoyFajardoSesion3\caracterAentero\caracterAentero\caracterAentero.vcxproj" en el nodo 2 (build destinos).
InitializeBuildStatus:
  Se creará "Debug\caracterAentero.unsuccessfulbuild" porque se especificó "AlwaysCreate".
ClCompile:
  Todas las salidas están actualizadas.
ManifestResourceCompile:
  C:\Program Files\Microsoft SDKs\Windows\v7.0A\bin\rc.exe /nologo /fo"Debug\caracterAentero.exe.embed.manifest.res" Debug\caracterAentero_manifest.rc 
Link:
  C:\Program Files\Microsoft Visual Studio 10.0\VC\bin\link.exe /ERRORREPORT:PROMPT /OUT:"Z:\GregorioVidoyFajardoSesion3\caracterAentero\Debug\caracterAentero.exe" /INCREMENTAL /NOLOGO kernel32.lib user32.lib gdi32.lib winspool.lib comdlg32.lib advapi32.lib shell32.lib ole32.lib oleaut32.lib uuid.lib odbc32.lib odbccp32.lib /MANIFEST /ManifestFile:"Debug\caracterAentero.exe.intermediate.manifest" /MANIFESTUAC:"level='asInvoker' uiAccess='false'" /DEBUG /PDB:"Z:\GregorioVidoyFajardoSesion3\caracterAentero\Debug\caracterAentero.pdb" /SUBSYSTEM:CONSOLE /TLBID:1 /DYNAMICBASE /NXCOMPAT /IMPLIB:"Z:\GregorioVidoyFajardoSesion3\caracterAentero\Debug\caracterAentero.lib" /MACHINE:X86 Debug\caracterAentero.exe.embed.manifest.res
  Debug\caracterAentero.obj
  LINK : no se encontró Z:\GregorioVidoyFajardoSesion3\caracterAentero\Debug\caracterAentero.exe o no lo generó el último vínculo incremental; ejecutando vínculo completo
Manifest:
  C:\Program Files\Microsoft SDKs\Windows\v7.0A\bin\mt.exe /nologo /verbose /out:"Debug\caracterAentero.exe.embed.manifest" /manifest Debug\caracterAentero.exe.intermediate.manifest
  C:\Program Files\Microsoft SDKs\Windows\v7.0A\bin\rc.exe /nologo /fo"Debug\caracterAentero.exe.embed.manifest.res" Debug\caracterAentero_manifest.rc 
LinkEmbedManifest:
  C:\Program Files\Microsoft Visual Studio 10.0\VC\bin\link.exe /ERRORREPORT:PROMPT /OUT:"Z:\GregorioVidoyFajardoSesion3\caracterAentero\Debug\caracterAentero.exe" /INCREMENTAL /NOLOGO kernel32.lib user32.lib gdi32.lib winspool.lib comdlg32.lib advapi32.lib shell32.lib ole32.lib oleaut32.lib uuid.lib odbc32.lib odbccp32.lib /MANIFEST /ManifestFile:"Debug\caracterAentero.exe.intermediate.manifest" /MANIFESTUAC:"level='asInvoker' uiAccess='false'" /DEBUG /PDB:"Z:\GregorioVidoyFajardoSesion3\caracterAentero\Debug\caracterAentero.pdb" /SUBSYSTEM:CONSOLE /TLBID:1 /DYNAMICBASE /NXCOMPAT /IMPLIB:"Z:\GregorioVidoyFajardoSesion3\caracterAentero\Debug\caracterAentero.lib" /MACHINE:X86 Debug\caracterAentero.exe.embed.manifest.res
  Debug\caracterAentero.obj
  caracterAentero.vcxproj -> Z:\GregorioVidoyFajardoSesion3\caracterAentero\Debug\caracterAentero.exe
FinalizeBuildStatus:
  Se eliminará el archivo "Debug\caracterAentero.unsuccessfulbuild".
  Aplicando tarea Touch a "Debug\caracterAentero.lastbuildstate".
Compilación del proyecto terminada "Z:\GregorioVidoyFajardoSesion3\caracterAentero\caracterAentero\caracterAentero.vcxproj" (build destinos).

Compilación correcta.

Tiempo transcurrido 00:00:04.48
