C:\USERS\W7\DOCUMENTS\VISUAL STUDIO 2010\PROJECTS\EJERCICIO2RELACION2\DEBUG\EJERCICIO2RELACION2.EXE
C:\USERS\W7\DOCUMENTS\VISUAL STUDIO 2010\PROJECTS\EJERCICIO2RELACION2\DEBUG\EJERCICIO2RELACION2.ILK
C:\USERS\W7\DOCUMENTS\VISUAL STUDIO 2010\PROJECTS\EJERCICIO2RELACION2\DEBUG\EJERCICIO2RELACION2.PDB
C:\Users\W7\Documents\Visual Studio 2010\Projects\Ejercicio2Relacion2\Ejercicio2Relacion2\Debug\cl.command.1.tlog
C:\Users\W7\Documents\Visual Studio 2010\Projects\Ejercicio2Relacion2\Ejercicio2Relacion2\Debug\CL.read.1.tlog
C:\Users\W7\Documents\Visual Studio 2010\Projects\Ejercicio2Relacion2\Ejercicio2Relacion2\Debug\CL.write.1.tlog
C:\USERS\W7\DOCUMENTS\VISUAL STUDIO 2010\PROJECTS\EJERCICIO2RELACION2\EJERCICIO2RELACION2\DEBUG\EJERCICIO2RELACION2.EXE.EMBED.MANIFEST
C:\USERS\W7\DOCUMENTS\VISUAL STUDIO 2010\PROJECTS\EJERCICIO2RELACION2\EJERCICIO2RELACION2\DEBUG\EJERCICIO2RELACION2.EXE.EMBED.MANIFEST.RES
C:\USERS\W7\DOCUMENTS\VISUAL STUDIO 2010\PROJECTS\EJERCICIO2RELACION2\EJERCICIO2RELACION2\DEBUG\EJERCICIO2RELACION2.EXE.INTERMEDIATE.MANIFEST
C:\USERS\W7\DOCUMENTS\VISUAL STUDIO 2010\PROJECTS\EJERCICIO2RELACION2\EJERCICIO2RELACION2\DEBUG\EJERCICIO2RELACION2.OBJ
C:\Users\W7\Documents\Visual Studio 2010\Projects\Ejercicio2Relacion2\Ejercicio2Relacion2\Debug\Ejercicio2Relacion2_manifest.rc
C:\Users\W7\Documents\Visual Studio 2010\Projects\Ejercicio2Relacion2\Ejercicio2Relacion2\Debug\link.command.1.tlog
C:\Users\W7\Documents\Visual Studio 2010\Projects\Ejercicio2Relacion2\Ejercicio2Relacion2\Debug\link.read.1.tlog
C:\Users\W7\Documents\Visual Studio 2010\Projects\Ejercicio2Relacion2\Ejercicio2Relacion2\Debug\link.write.1.tlog
C:\Users\W7\Documents\Visual Studio 2010\Projects\Ejercicio2Relacion2\Ejercicio2Relacion2\Debug\link-cvtres.read.1.tlog
C:\Users\W7\Documents\Visual Studio 2010\Projects\Ejercicio2Relacion2\Ejercicio2Relacion2\Debug\link-cvtres.write.1.tlog
C:\Users\W7\Documents\Visual Studio 2010\Projects\Ejercicio2Relacion2\Ejercicio2Relacion2\Debug\mt.command.1.tlog
C:\Users\W7\Documents\Visual Studio 2010\Projects\Ejercicio2Relacion2\Ejercicio2Relacion2\Debug\mt.read.1.tlog
C:\Users\W7\Documents\Visual Studio 2010\Projects\Ejercicio2Relacion2\Ejercicio2Relacion2\Debug\mt.write.1.tlog
C:\Users\W7\Documents\Visual Studio 2010\Projects\Ejercicio2Relacion2\Ejercicio2Relacion2\Debug\rc.command.1.tlog
C:\Users\W7\Documents\Visual Studio 2010\Projects\Ejercicio2Relacion2\Ejercicio2Relacion2\Debug\rc.read.1.tlog
C:\Users\W7\Documents\Visual Studio 2010\Projects\Ejercicio2Relacion2\Ejercicio2Relacion2\Debug\rc.write.1.tlog
C:\Users\W7\Documents\Visual Studio 2010\Projects\Ejercicio2Relacion2\Ejercicio2Relacion2\Debug\vc100.idb
C:\USERS\W7\DOCUMENTS\VISUAL STUDIO 2010\PROJECTS\EJERCICIO2RELACION2\EJERCICIO2RELACION2\DEBUG\VC100.PDB
