Compilación iniciada a las 12/10/2013 0:09:23.
Proyecto "Z:\GregorioVidoyFajardoSesion3\horas_minutos_segundos\horas_minutos_segundos\horas_minutos_segundos.vcxproj" en el nodo 2 (rebuild destinos).
_PrepareForClean:
  Se eliminará el archivo "Debug\horas_minutos_segundos.lastbuildstate".
InitializeBuildStatus:
  Se creará "Debug\horas_minutos_segundos.unsuccessfulbuild" porque se especificó "AlwaysCreate".
ClCompile:
  C:\Program Files\Microsoft Visual Studio 10.0\VC\bin\CL.exe /c /ZI /nologo /W3 /WX- /Od /Oy- /D WIN32 /D _DEBUG /D _CONSOLE /D _UNICODE /D UNICODE /Gm /EHsc /RTC1 /MDd /GS /fp:precise /Zc:wchar_t /Zc:forScope /Fo"Debug\\" /Fd"Debug\vc100.pdb" /Gd /TP /analyze- /errorReport:prompt horasMinutosSegundos.cpp
  horasMinutosSegundos.cpp
ManifestResourceCompile:
  C:\Program Files\Microsoft SDKs\Windows\v7.0A\bin\rc.exe /nologo /fo"Debug\horas_minutos_segundos.exe.embed.manifest.res" Debug\horas_minutos_segundos_manifest.rc 
Link:
  C:\Program Files\Microsoft Visual Studio 10.0\VC\bin\link.exe /ERRORREPORT:PROMPT /OUT:"Z:\GregorioVidoyFajardoSesion3\horas_minutos_segundos\Debug\horas_minutos_segundos.exe" /INCREMENTAL /NOLOGO kernel32.lib user32.lib gdi32.lib winspool.lib comdlg32.lib advapi32.lib shell32.lib ole32.lib oleaut32.lib uuid.lib odbc32.lib odbccp32.lib /MANIFEST /ManifestFile:"Debug\horas_minutos_segundos.exe.intermediate.manifest" /MANIFESTUAC:"level='asInvoker' uiAccess='false'" /DEBUG /PDB:"Z:\GregorioVidoyFajardoSesion3\horas_minutos_segundos\Debug\horas_minutos_segundos.pdb" /SUBSYSTEM:CONSOLE /TLBID:1 /DYNAMICBASE /NXCOMPAT /IMPLIB:"Z:\GregorioVidoyFajardoSesion3\horas_minutos_segundos\Debug\horas_minutos_segundos.lib" /MACHINE:X86 Debug\horas_minutos_segundos.exe.embed.manifest.res
  Debug\horasMinutosSegundos.obj
Manifest:
  Se eliminará el archivo "Debug\horas_minutos_segundos.exe.embed.manifest".
  C:\Program Files\Microsoft SDKs\Windows\v7.0A\bin\mt.exe /nologo /verbose /out:"Debug\horas_minutos_segundos.exe.embed.manifest" /manifest Debug\horas_minutos_segundos.exe.intermediate.manifest
  C:\Program Files\Microsoft SDKs\Windows\v7.0A\bin\rc.exe /nologo /fo"Debug\horas_minutos_segundos.exe.embed.manifest.res" Debug\horas_minutos_segundos_manifest.rc 
LinkEmbedManifest:
  C:\Program Files\Microsoft Visual Studio 10.0\VC\bin\link.exe /ERRORREPORT:PROMPT /OUT:"Z:\GregorioVidoyFajardoSesion3\horas_minutos_segundos\Debug\horas_minutos_segundos.exe" /INCREMENTAL /NOLOGO kernel32.lib user32.lib gdi32.lib winspool.lib comdlg32.lib advapi32.lib shell32.lib ole32.lib oleaut32.lib uuid.lib odbc32.lib odbccp32.lib /MANIFEST /ManifestFile:"Debug\horas_minutos_segundos.exe.intermediate.manifest" /MANIFESTUAC:"level='asInvoker' uiAccess='false'" /DEBUG /PDB:"Z:\GregorioVidoyFajardoSesion3\horas_minutos_segundos\Debug\horas_minutos_segundos.pdb" /SUBSYSTEM:CONSOLE /TLBID:1 /DYNAMICBASE /NXCOMPAT /IMPLIB:"Z:\GregorioVidoyFajardoSesion3\horas_minutos_segundos\Debug\horas_minutos_segundos.lib" /MACHINE:X86 Debug\horas_minutos_segundos.exe.embed.manifest.res
  Debug\horasMinutosSegundos.obj
  horas_minutos_segundos.vcxproj -> Z:\GregorioVidoyFajardoSesion3\horas_minutos_segundos\Debug\horas_minutos_segundos.exe
FinalizeBuildStatus:
  Se eliminará el archivo "Debug\horas_minutos_segundos.unsuccessfulbuild".
  Aplicando tarea Touch a "Debug\horas_minutos_segundos.lastbuildstate".
Compilación del proyecto terminada "Z:\GregorioVidoyFajardoSesion3\horas_minutos_segundos\horas_minutos_segundos\horas_minutos_segundos.vcxproj" (rebuild destinos).

Compilación correcta.

Tiempo transcurrido 00:00:06.05
