C:\USERS\W7\DOCUMENTS\VISUAL STUDIO 2010\PROJECTS\HORAS_MINUTOS_SEGUNDOS\DEBUG\HORAS_MINUTOS_SEGUNDOS.EXE
C:\USERS\W7\DOCUMENTS\VISUAL STUDIO 2010\PROJECTS\HORAS_MINUTOS_SEGUNDOS\DEBUG\HORAS_MINUTOS_SEGUNDOS.ILK
C:\USERS\W7\DOCUMENTS\VISUAL STUDIO 2010\PROJECTS\HORAS_MINUTOS_SEGUNDOS\DEBUG\HORAS_MINUTOS_SEGUNDOS.PDB
C:\USERS\W7\DOCUMENTS\VISUAL STUDIO 2010\PROJECTS\HORAS_MINUTOS_SEGUNDOS\HORAS_MINUTOS_SEGUNDOS\DEBUG\HORAS_MINUTOS_SEGUNDOS.EXE.EMBED.MANIFEST
C:\USERS\W7\DOCUMENTS\VISUAL STUDIO 2010\PROJECTS\HORAS_MINUTOS_SEGUNDOS\HORAS_MINUTOS_SEGUNDOS\DEBUG\HORAS_MINUTOS_SEGUNDOS.EXE.EMBED.MANIFEST.RES
C:\USERS\W7\DOCUMENTS\VISUAL STUDIO 2010\PROJECTS\HORAS_MINUTOS_SEGUNDOS\HORAS_MINUTOS_SEGUNDOS\DEBUG\HORAS_MINUTOS_SEGUNDOS.EXE.INTERMEDIATE.MANIFEST
C:\USERS\W7\DOCUMENTS\VISUAL STUDIO 2010\PROJECTS\HORAS_MINUTOS_SEGUNDOS\HORAS_MINUTOS_SEGUNDOS\DEBUG\HORASMINUTOSSEGUNDOS.OBJ
C:\USERS\W7\DOCUMENTS\VISUAL STUDIO 2010\PROJECTS\HORAS_MINUTOS_SEGUNDOS\HORAS_MINUTOS_SEGUNDOS\DEBUG\VC100.PDB
Z:\GregorioVidoyFajardoSesion3\horas_minutos_segundos\Debug\horas_minutos_segundos.exe
Z:\GregorioVidoyFajardoSesion3\horas_minutos_segundos\Debug\horas_minutos_segundos.ilk
Z:\GregorioVidoyFajardoSesion3\horas_minutos_segundos\Debug\horas_minutos_segundos.pdb
Z:\GregorioVidoyFajardoSesion3\horas_minutos_segundos\horas_minutos_segundos\Debug\cl.command.1.tlog
Z:\GregorioVidoyFajardoSesion3\horas_minutos_segundos\horas_minutos_segundos\Debug\CL.read.1.tlog
Z:\GregorioVidoyFajardoSesion3\horas_minutos_segundos\horas_minutos_segundos\Debug\CL.write.1.tlog
Z:\GregorioVidoyFajardoSesion3\horas_minutos_segundos\horas_minutos_segundos\Debug\horas_minutos_segundos.exe.embed.manifest
Z:\GregorioVidoyFajardoSesion3\horas_minutos_segundos\horas_minutos_segundos\Debug\horas_minutos_segundos.exe.embed.manifest.res
Z:\GregorioVidoyFajardoSesion3\horas_minutos_segundos\horas_minutos_segundos\Debug\horas_minutos_segundos.exe.intermediate.manifest
Z:\GregorioVidoyFajardoSesion3\horas_minutos_segundos\horas_minutos_segundos\Debug\horas_minutos_segundos_manifest.rc
Z:\GREGORIOVIDOYFAJARDOSESION3\HORAS_MINUTOS_SEGUNDOS\HORAS_MINUTOS_SEGUNDOS\DEBUG\HORASMINUTOSSEGUNDOS.OBJ
Z:\GregorioVidoyFajardoSesion3\horas_minutos_segundos\horas_minutos_segundos\Debug\link.148.read.1.tlog
Z:\GregorioVidoyFajardoSesion3\horas_minutos_segundos\horas_minutos_segundos\Debug\link.148.write.1.tlog
Z:\GregorioVidoyFajardoSesion3\horas_minutos_segundos\horas_minutos_segundos\Debug\link.148-cvtres.read.1.tlog
Z:\GregorioVidoyFajardoSesion3\horas_minutos_segundos\horas_minutos_segundos\Debug\link.148-cvtres.write.1.tlog
Z:\GregorioVidoyFajardoSesion3\horas_minutos_segundos\horas_minutos_segundos\Debug\link.command.1.tlog
Z:\GregorioVidoyFajardoSesion3\horas_minutos_segundos\horas_minutos_segundos\Debug\link.read.1.tlog
Z:\GregorioVidoyFajardoSesion3\horas_minutos_segundos\horas_minutos_segundos\Debug\link.write.1.tlog
Z:\GregorioVidoyFajardoSesion3\horas_minutos_segundos\horas_minutos_segundos\Debug\link-cvtres.read.1.tlog
Z:\GregorioVidoyFajardoSesion3\horas_minutos_segundos\horas_minutos_segundos\Debug\link-cvtres.write.1.tlog
Z:\GregorioVidoyFajardoSesion3\horas_minutos_segundos\horas_minutos_segundos\Debug\mt.command.1.tlog
Z:\GregorioVidoyFajardoSesion3\horas_minutos_segundos\horas_minutos_segundos\Debug\mt.read.1.tlog
Z:\GregorioVidoyFajardoSesion3\horas_minutos_segundos\horas_minutos_segundos\Debug\mt.write.1.tlog
Z:\GregorioVidoyFajardoSesion3\horas_minutos_segundos\horas_minutos_segundos\Debug\rc.command.1.tlog
Z:\GregorioVidoyFajardoSesion3\horas_minutos_segundos\horas_minutos_segundos\Debug\rc.read.1.tlog
Z:\GregorioVidoyFajardoSesion3\horas_minutos_segundos\horas_minutos_segundos\Debug\rc.write.1.tlog
Z:\GregorioVidoyFajardoSesion3\horas_minutos_segundos\horas_minutos_segundos\Debug\vc100.idb
Z:\GREGORIOVIDOYFAJARDOSESION3\HORAS_MINUTOS_SEGUNDOS\HORAS_MINUTOS_SEGUNDOS\DEBUG\VC100.PDB
