C:\USERS\W7\DOCUMENTS\VISUAL STUDIO 2010\PROJECTS\EXPRESIONESLOGICAS\DEBUG\EXPRESIONESLOGICAS.EXE
C:\USERS\W7\DOCUMENTS\VISUAL STUDIO 2010\PROJECTS\EXPRESIONESLOGICAS\DEBUG\EXPRESIONESLOGICAS.ILK
C:\USERS\W7\DOCUMENTS\VISUAL STUDIO 2010\PROJECTS\EXPRESIONESLOGICAS\DEBUG\EXPRESIONESLOGICAS.PDB
C:\Users\W7\Documents\Visual Studio 2010\Projects\ExpresionesLogicas\ExpresionesLogicas\Debug\cl.command.1.tlog
C:\Users\W7\Documents\Visual Studio 2010\Projects\ExpresionesLogicas\ExpresionesLogicas\Debug\CL.read.1.tlog
C:\Users\W7\Documents\Visual Studio 2010\Projects\ExpresionesLogicas\ExpresionesLogicas\Debug\CL.write.1.tlog
C:\USERS\W7\DOCUMENTS\VISUAL STUDIO 2010\PROJECTS\EXPRESIONESLOGICAS\EXPRESIONESLOGICAS\DEBUG\EXPRESIONESLOGICAS.EXE.EMBED.MANIFEST
C:\USERS\W7\DOCUMENTS\VISUAL STUDIO 2010\PROJECTS\EXPRESIONESLOGICAS\EXPRESIONESLOGICAS\DEBUG\EXPRESIONESLOGICAS.EXE.EMBED.MANIFEST.RES
C:\USERS\W7\DOCUMENTS\VISUAL STUDIO 2010\PROJECTS\EXPRESIONESLOGICAS\EXPRESIONESLOGICAS\DEBUG\EXPRESIONESLOGICAS.EXE.INTERMEDIATE.MANIFEST
C:\USERS\W7\DOCUMENTS\VISUAL STUDIO 2010\PROJECTS\EXPRESIONESLOGICAS\EXPRESIONESLOGICAS\DEBUG\EXPRESIONESLOGICAS.OBJ
C:\Users\W7\Documents\Visual Studio 2010\Projects\ExpresionesLogicas\ExpresionesLogicas\Debug\ExpresionesLogicas_manifest.rc
C:\Users\W7\Documents\Visual Studio 2010\Projects\ExpresionesLogicas\ExpresionesLogicas\Debug\link.3372.read.1.tlog
C:\Users\W7\Documents\Visual Studio 2010\Projects\ExpresionesLogicas\ExpresionesLogicas\Debug\link.3372.write.1.tlog
C:\Users\W7\Documents\Visual Studio 2010\Projects\ExpresionesLogicas\ExpresionesLogicas\Debug\link.3372-cvtres.read.1.tlog
C:\Users\W7\Documents\Visual Studio 2010\Projects\ExpresionesLogicas\ExpresionesLogicas\Debug\link.3372-cvtres.write.1.tlog
C:\Users\W7\Documents\Visual Studio 2010\Projects\ExpresionesLogicas\ExpresionesLogicas\Debug\link.command.1.tlog
C:\Users\W7\Documents\Visual Studio 2010\Projects\ExpresionesLogicas\ExpresionesLogicas\Debug\link.read.1.tlog
C:\Users\W7\Documents\Visual Studio 2010\Projects\ExpresionesLogicas\ExpresionesLogicas\Debug\link.write.1.tlog
C:\Users\W7\Documents\Visual Studio 2010\Projects\ExpresionesLogicas\ExpresionesLogicas\Debug\link-cvtres.read.1.tlog
C:\Users\W7\Documents\Visual Studio 2010\Projects\ExpresionesLogicas\ExpresionesLogicas\Debug\link-cvtres.write.1.tlog
C:\Users\W7\Documents\Visual Studio 2010\Projects\ExpresionesLogicas\ExpresionesLogicas\Debug\mt.command.1.tlog
C:\Users\W7\Documents\Visual Studio 2010\Projects\ExpresionesLogicas\ExpresionesLogicas\Debug\mt.read.1.tlog
C:\Users\W7\Documents\Visual Studio 2010\Projects\ExpresionesLogicas\ExpresionesLogicas\Debug\mt.write.1.tlog
C:\Users\W7\Documents\Visual Studio 2010\Projects\ExpresionesLogicas\ExpresionesLogicas\Debug\rc.command.1.tlog
C:\Users\W7\Documents\Visual Studio 2010\Projects\ExpresionesLogicas\ExpresionesLogicas\Debug\rc.read.1.tlog
C:\Users\W7\Documents\Visual Studio 2010\Projects\ExpresionesLogicas\ExpresionesLogicas\Debug\rc.write.1.tlog
C:\Users\W7\Documents\Visual Studio 2010\Projects\ExpresionesLogicas\ExpresionesLogicas\Debug\vc100.idb
C:\USERS\W7\DOCUMENTS\VISUAL STUDIO 2010\PROJECTS\EXPRESIONESLOGICAS\EXPRESIONESLOGICAS\DEBUG\VC100.PDB
