C:\USERS\W7\DOCUMENTS\VISUAL STUDIO 2010\PROJECTS\REPARTO_DE_GANANCIAS\DEBUG\REPARTO_DE_GANANCIAS.EXE
C:\USERS\W7\DOCUMENTS\VISUAL STUDIO 2010\PROJECTS\REPARTO_DE_GANANCIAS\DEBUG\REPARTO_DE_GANANCIAS.ILK
C:\USERS\W7\DOCUMENTS\VISUAL STUDIO 2010\PROJECTS\REPARTO_DE_GANANCIAS\DEBUG\REPARTO_DE_GANANCIAS.PDB
C:\Users\W7\Documents\Visual Studio 2010\Projects\Reparto_de_Ganancias\Reparto_de_Ganancias\Debug\cl.command.1.tlog
C:\Users\W7\Documents\Visual Studio 2010\Projects\Reparto_de_Ganancias\Reparto_de_Ganancias\Debug\CL.read.1.tlog
C:\Users\W7\Documents\Visual Studio 2010\Projects\Reparto_de_Ganancias\Reparto_de_Ganancias\Debug\CL.write.1.tlog
C:\Users\W7\Documents\Visual Studio 2010\Projects\Reparto_de_Ganancias\Reparto_de_Ganancias\Debug\link.3412.read.1.tlog
C:\Users\W7\Documents\Visual Studio 2010\Projects\Reparto_de_Ganancias\Reparto_de_Ganancias\Debug\link.3412.write.1.tlog
C:\Users\W7\Documents\Visual Studio 2010\Projects\Reparto_de_Ganancias\Reparto_de_Ganancias\Debug\link.3412-cvtres.read.1.tlog
C:\Users\W7\Documents\Visual Studio 2010\Projects\Reparto_de_Ganancias\Reparto_de_Ganancias\Debug\link.3412-cvtres.write.1.tlog
C:\Users\W7\Documents\Visual Studio 2010\Projects\Reparto_de_Ganancias\Reparto_de_Ganancias\Debug\link.command.1.tlog
C:\Users\W7\Documents\Visual Studio 2010\Projects\Reparto_de_Ganancias\Reparto_de_Ganancias\Debug\link.read.1.tlog
C:\Users\W7\Documents\Visual Studio 2010\Projects\Reparto_de_Ganancias\Reparto_de_Ganancias\Debug\link.write.1.tlog
C:\Users\W7\Documents\Visual Studio 2010\Projects\Reparto_de_Ganancias\Reparto_de_Ganancias\Debug\link-cvtres.read.1.tlog
C:\Users\W7\Documents\Visual Studio 2010\Projects\Reparto_de_Ganancias\Reparto_de_Ganancias\Debug\link-cvtres.write.1.tlog
C:\Users\W7\Documents\Visual Studio 2010\Projects\Reparto_de_Ganancias\Reparto_de_Ganancias\Debug\mt.command.1.tlog
C:\Users\W7\Documents\Visual Studio 2010\Projects\Reparto_de_Ganancias\Reparto_de_Ganancias\Debug\mt.read.1.tlog
C:\Users\W7\Documents\Visual Studio 2010\Projects\Reparto_de_Ganancias\Reparto_de_Ganancias\Debug\mt.write.1.tlog
C:\Users\W7\Documents\Visual Studio 2010\Projects\Reparto_de_Ganancias\Reparto_de_Ganancias\Debug\rc.command.1.tlog
C:\Users\W7\Documents\Visual Studio 2010\Projects\Reparto_de_Ganancias\Reparto_de_Ganancias\Debug\rc.read.1.tlog
C:\Users\W7\Documents\Visual Studio 2010\Projects\Reparto_de_Ganancias\Reparto_de_Ganancias\Debug\rc.write.1.tlog
C:\USERS\W7\DOCUMENTS\VISUAL STUDIO 2010\PROJECTS\REPARTO_DE_GANANCIAS\REPARTO_DE_GANANCIAS\DEBUG\REPARTO_DE_GANANCIAS.EXE.EMBED.MANIFEST
C:\USERS\W7\DOCUMENTS\VISUAL STUDIO 2010\PROJECTS\REPARTO_DE_GANANCIAS\REPARTO_DE_GANANCIAS\DEBUG\REPARTO_DE_GANANCIAS.EXE.EMBED.MANIFEST.RES
C:\USERS\W7\DOCUMENTS\VISUAL STUDIO 2010\PROJECTS\REPARTO_DE_GANANCIAS\REPARTO_DE_GANANCIAS\DEBUG\REPARTO_DE_GANANCIAS.EXE.INTERMEDIATE.MANIFEST
C:\Users\W7\Documents\Visual Studio 2010\Projects\Reparto_de_Ganancias\Reparto_de_Ganancias\Debug\Reparto_de_Ganancias_manifest.rc
C:\USERS\W7\DOCUMENTS\VISUAL STUDIO 2010\PROJECTS\REPARTO_DE_GANANCIAS\REPARTO_DE_GANANCIAS\DEBUG\REPARTODEGANANCIAS.OBJ
C:\Users\W7\Documents\Visual Studio 2010\Projects\Reparto_de_Ganancias\Reparto_de_Ganancias\Debug\vc100.idb
C:\USERS\W7\DOCUMENTS\VISUAL STUDIO 2010\PROJECTS\REPARTO_DE_GANANCIAS\REPARTO_DE_GANANCIAS\DEBUG\VC100.PDB
