Compilación iniciada a las 17/11/2013 16:29:00.
Proyecto "C:\Documents and Settings\Administrador\Mis documentos\Visual Studio 2010\Projects\13ejercicioRelacion3ef\13ejercicioRelacion3ef\13ejercicioRelacion3ef.vcxproj" en el nodo 2 (build destinos).
InitializeBuildStatus:
  Se creará "Debug\13ejercicioRelacion3ef.unsuccessfulbuild" porque se especificó "AlwaysCreate".
ClCompile:
  C:\Archivos de programa\Microsoft Visual Studio 10.0\VC\bin\CL.exe /c /ZI /nologo /W4 /WX- /Od /Oy- /Gm- /EHsc /RTCc /RTC1 /MDd /GS /fp:precise /Zc:wchar_t /Zc:forScope /Fo"Debug\\" /Fd"Debug\vc100.pdb" /Gd /TP /analyze- /errorReport:prompt 13ejercicioRelacion3ef.cpp
  13ejercicioRelacion3ef.cpp
c:\documents and settings\administrador\mis documentos\visual studio 2010\projects\13ejerciciorelacion3ef\13ejerciciorelacion3ef\13ejerciciorelacion3ef.cpp(91): warning C4100: 'tercero' : parámetro formal sin referencia
c:\documents and settings\administrador\mis documentos\visual studio 2010\projects\13ejerciciorelacion3ef\13ejerciciorelacion3ef\13ejerciciorelacion3ef.cpp(91): warning C4100: 'segundo' : parámetro formal sin referencia
c:\documents and settings\administrador\mis documentos\visual studio 2010\projects\13ejerciciorelacion3ef\13ejerciciorelacion3ef\13ejerciciorelacion3ef.cpp(91): warning C4100: 'primero' : parámetro formal sin referencia
c:\documents and settings\administrador\mis documentos\visual studio 2010\projects\13ejerciciorelacion3ef\13ejerciciorelacion3ef\13ejerciciorelacion3ef.cpp(189): warning C4101: 'primerobjeto' : variable local sin referencia
c:\documents and settings\administrador\mis documentos\visual studio 2010\projects\13ejerciciorelacion3ef\13ejerciciorelacion3ef\13ejerciciorelacion3ef.cpp(190): warning C4101: 'segundoobjeto' : variable local sin referencia
Link:
  C:\Archivos de programa\Microsoft Visual Studio 10.0\VC\bin\link.exe /ERRORREPORT:PROMPT /OUT:"C:\Documents and Settings\Administrador\Mis documentos\Visual Studio 2010\Projects\13ejercicioRelacion3ef\Debug\/13ejercicioRelacion3ef.exe" /NOLOGO kernel32.lib user32.lib gdi32.lib winspool.lib comdlg32.lib advapi32.lib shell32.lib ole32.lib oleaut32.lib uuid.lib odbc32.lib odbccp32.lib /MANIFEST /ManifestFile:"Debug\13ejercicioRelacion3ef.exe.intermediate.manifest" /MANIFESTUAC:"level='asInvoker' uiAccess='false'" /DEBUG /PDB:"C:\Documents and Settings\Administrador\Mis documentos\Visual Studio 2010\Projects\13ejercicioRelacion3ef\Debug\/13ejercicioRelacion3ef.pdb" /SUBSYSTEM:CONSOLE /TLBID:1 /DYNAMICBASE /NXCOMPAT /IMPLIB:"C:\Documents and Settings\Administrador\Mis documentos\Visual Studio 2010\Projects\13ejercicioRelacion3ef\Debug\13ejercicioRelacion3ef.lib" Debug\13ejercicioRelacion3ef.obj
  LINK : no se encontró C:\Documents and Settings\Administrador\Mis documentos\Visual Studio 2010\Projects\13ejercicioRelacion3ef\Debug\/13ejercicioRelacion3ef.exe o no lo generó el último vínculo incremental; ejecutando vínculo completo
  13ejercicioRelacion3ef.vcxproj -> C:\Documents and Settings\Administrador\Mis documentos\Visual Studio 2010\Projects\13ejercicioRelacion3ef\Debug\13ejercicioRelacion3ef.exe
Manifest:
  C:\Archivos de programa\Microsoft SDKs\Windows\v7.0A\bin\mt.exe /nologo /verbose /outputresource:"C:\Documents and Settings\Administrador\Mis documentos\Visual Studio 2010\Projects\13ejercicioRelacion3ef\Debug\/13ejercicioRelacion3ef.exe;#1" /manifest Debug\13ejercicioRelacion3ef.exe.intermediate.manifest
FinalizeBuildStatus:
  Se eliminará el archivo "Debug\13ejercicioRelacion3ef.unsuccessfulbuild".
  Aplicando tarea Touch a "Debug\13ejercicioRelacion3ef.lastbuildstate".
Compilación del proyecto terminada "C:\Documents and Settings\Administrador\Mis documentos\Visual Studio 2010\Projects\13ejercicioRelacion3ef\13ejercicioRelacion3ef\13ejercicioRelacion3ef.vcxproj" (build destinos).

Compilación correcta.

Tiempo transcurrido 00:00:02.79
