C:\USERS\W7\DOCUMENTS\VISUAL STUDIO 2010\PROJECTS\MAYUSCULAMINUSCULA\DEBUG\MAYUSCULAMINUSCULA.EXE
C:\USERS\W7\DOCUMENTS\VISUAL STUDIO 2010\PROJECTS\MAYUSCULAMINUSCULA\DEBUG\MAYUSCULAMINUSCULA.ILK
C:\USERS\W7\DOCUMENTS\VISUAL STUDIO 2010\PROJECTS\MAYUSCULAMINUSCULA\DEBUG\MAYUSCULAMINUSCULA.PDB
c:\Users\W7\documents\visual studio 2010\Projects\MayusculaMinuscula\MayusculaMinuscula\Debug\cl.command.1.tlog
c:\Users\W7\documents\visual studio 2010\Projects\MayusculaMinuscula\MayusculaMinuscula\Debug\CL.read.1.tlog
c:\Users\W7\documents\visual studio 2010\Projects\MayusculaMinuscula\MayusculaMinuscula\Debug\CL.write.1.tlog
c:\Users\W7\documents\visual studio 2010\Projects\MayusculaMinuscula\MayusculaMinuscula\Debug\link.600.read.1.tlog
c:\Users\W7\documents\visual studio 2010\Projects\MayusculaMinuscula\MayusculaMinuscula\Debug\link.600.write.1.tlog
c:\Users\W7\documents\visual studio 2010\Projects\MayusculaMinuscula\MayusculaMinuscula\Debug\link.600-cvtres.read.1.tlog
c:\Users\W7\documents\visual studio 2010\Projects\MayusculaMinuscula\MayusculaMinuscula\Debug\link.600-cvtres.write.1.tlog
c:\Users\W7\documents\visual studio 2010\Projects\MayusculaMinuscula\MayusculaMinuscula\Debug\link.command.1.tlog
c:\Users\W7\documents\visual studio 2010\Projects\MayusculaMinuscula\MayusculaMinuscula\Debug\link.read.1.tlog
c:\Users\W7\documents\visual studio 2010\Projects\MayusculaMinuscula\MayusculaMinuscula\Debug\link.write.1.tlog
c:\Users\W7\documents\visual studio 2010\Projects\MayusculaMinuscula\MayusculaMinuscula\Debug\link-cvtres.read.1.tlog
c:\Users\W7\documents\visual studio 2010\Projects\MayusculaMinuscula\MayusculaMinuscula\Debug\link-cvtres.write.1.tlog
C:\USERS\W7\DOCUMENTS\VISUAL STUDIO 2010\PROJECTS\MAYUSCULAMINUSCULA\MAYUSCULAMINUSCULA\DEBUG\MAYUSCULAMINUSCULA.EXE.EMBED.MANIFEST
C:\USERS\W7\DOCUMENTS\VISUAL STUDIO 2010\PROJECTS\MAYUSCULAMINUSCULA\MAYUSCULAMINUSCULA\DEBUG\MAYUSCULAMINUSCULA.EXE.EMBED.MANIFEST.RES
C:\USERS\W7\DOCUMENTS\VISUAL STUDIO 2010\PROJECTS\MAYUSCULAMINUSCULA\MAYUSCULAMINUSCULA\DEBUG\MAYUSCULAMINUSCULA.EXE.INTERMEDIATE.MANIFEST
C:\USERS\W7\DOCUMENTS\VISUAL STUDIO 2010\PROJECTS\MAYUSCULAMINUSCULA\MAYUSCULAMINUSCULA\DEBUG\MAYUSCULAMINUSCULA.OBJ
c:\Users\W7\documents\visual studio 2010\Projects\MayusculaMinuscula\MayusculaMinuscula\Debug\MayusculaMinuscula_manifest.rc
c:\Users\W7\documents\visual studio 2010\Projects\MayusculaMinuscula\MayusculaMinuscula\Debug\mt.command.1.tlog
c:\Users\W7\documents\visual studio 2010\Projects\MayusculaMinuscula\MayusculaMinuscula\Debug\mt.read.1.tlog
c:\Users\W7\documents\visual studio 2010\Projects\MayusculaMinuscula\MayusculaMinuscula\Debug\mt.write.1.tlog
c:\Users\W7\documents\visual studio 2010\Projects\MayusculaMinuscula\MayusculaMinuscula\Debug\rc.command.1.tlog
c:\Users\W7\documents\visual studio 2010\Projects\MayusculaMinuscula\MayusculaMinuscula\Debug\rc.read.1.tlog
c:\Users\W7\documents\visual studio 2010\Projects\MayusculaMinuscula\MayusculaMinuscula\Debug\rc.write.1.tlog
c:\Users\W7\documents\visual studio 2010\Projects\MayusculaMinuscula\MayusculaMinuscula\Debug\vc100.idb
C:\USERS\W7\DOCUMENTS\VISUAL STUDIO 2010\PROJECTS\MAYUSCULAMINUSCULA\MAYUSCULAMINUSCULA\DEBUG\VC100.PDB
