C:\USERS\W7\DOCUMENTS\VISUAL STUDIO 2010\PROJECTS\EJERCICIO3RELACION2\DEBUG\EJERCICIO3RELACION2.EXE
C:\USERS\W7\DOCUMENTS\VISUAL STUDIO 2010\PROJECTS\EJERCICIO3RELACION2\DEBUG\EJERCICIO3RELACION2.ILK
C:\USERS\W7\DOCUMENTS\VISUAL STUDIO 2010\PROJECTS\EJERCICIO3RELACION2\DEBUG\EJERCICIO3RELACION2.PDB
c:\Users\W7\documents\visual studio 2010\Projects\ejercicio3Relacion2\ejercicio3Relacion2\Debug\cl.command.1.tlog
c:\Users\W7\documents\visual studio 2010\Projects\ejercicio3Relacion2\ejercicio3Relacion2\Debug\CL.read.1.tlog
c:\Users\W7\documents\visual studio 2010\Projects\ejercicio3Relacion2\ejercicio3Relacion2\Debug\CL.write.1.tlog
C:\USERS\W7\DOCUMENTS\VISUAL STUDIO 2010\PROJECTS\EJERCICIO3RELACION2\EJERCICIO3RELACION2\DEBUG\EJERCICIO3RELACION2.EXE.EMBED.MANIFEST
C:\USERS\W7\DOCUMENTS\VISUAL STUDIO 2010\PROJECTS\EJERCICIO3RELACION2\EJERCICIO3RELACION2\DEBUG\EJERCICIO3RELACION2.EXE.EMBED.MANIFEST.RES
C:\USERS\W7\DOCUMENTS\VISUAL STUDIO 2010\PROJECTS\EJERCICIO3RELACION2\EJERCICIO3RELACION2\DEBUG\EJERCICIO3RELACION2.EXE.INTERMEDIATE.MANIFEST
C:\USERS\W7\DOCUMENTS\VISUAL STUDIO 2010\PROJECTS\EJERCICIO3RELACION2\EJERCICIO3RELACION2\DEBUG\EJERCICIO3RELACION2.OBJ
c:\Users\W7\documents\visual studio 2010\Projects\ejercicio3Relacion2\ejercicio3Relacion2\Debug\ejercicio3Relacion2_manifest.rc
c:\Users\W7\documents\visual studio 2010\Projects\ejercicio3Relacion2\ejercicio3Relacion2\Debug\link.3852.read.1.tlog
c:\Users\W7\documents\visual studio 2010\Projects\ejercicio3Relacion2\ejercicio3Relacion2\Debug\link.3852.write.1.tlog
c:\Users\W7\documents\visual studio 2010\Projects\ejercicio3Relacion2\ejercicio3Relacion2\Debug\link.3852-cvtres.read.1.tlog
c:\Users\W7\documents\visual studio 2010\Projects\ejercicio3Relacion2\ejercicio3Relacion2\Debug\link.3852-cvtres.write.1.tlog
c:\Users\W7\documents\visual studio 2010\Projects\ejercicio3Relacion2\ejercicio3Relacion2\Debug\link.command.1.tlog
c:\Users\W7\documents\visual studio 2010\Projects\ejercicio3Relacion2\ejercicio3Relacion2\Debug\link.read.1.tlog
c:\Users\W7\documents\visual studio 2010\Projects\ejercicio3Relacion2\ejercicio3Relacion2\Debug\link.write.1.tlog
c:\Users\W7\documents\visual studio 2010\Projects\ejercicio3Relacion2\ejercicio3Relacion2\Debug\link-cvtres.read.1.tlog
c:\Users\W7\documents\visual studio 2010\Projects\ejercicio3Relacion2\ejercicio3Relacion2\Debug\link-cvtres.write.1.tlog
c:\Users\W7\documents\visual studio 2010\Projects\ejercicio3Relacion2\ejercicio3Relacion2\Debug\mt.command.1.tlog
c:\Users\W7\documents\visual studio 2010\Projects\ejercicio3Relacion2\ejercicio3Relacion2\Debug\mt.read.1.tlog
c:\Users\W7\documents\visual studio 2010\Projects\ejercicio3Relacion2\ejercicio3Relacion2\Debug\mt.write.1.tlog
c:\Users\W7\documents\visual studio 2010\Projects\ejercicio3Relacion2\ejercicio3Relacion2\Debug\rc.command.1.tlog
c:\Users\W7\documents\visual studio 2010\Projects\ejercicio3Relacion2\ejercicio3Relacion2\Debug\rc.read.1.tlog
c:\Users\W7\documents\visual studio 2010\Projects\ejercicio3Relacion2\ejercicio3Relacion2\Debug\rc.write.1.tlog
c:\Users\W7\documents\visual studio 2010\Projects\ejercicio3Relacion2\ejercicio3Relacion2\Debug\vc100.idb
C:\USERS\W7\DOCUMENTS\VISUAL STUDIO 2010\PROJECTS\EJERCICIO3RELACION2\EJERCICIO3RELACION2\DEBUG\VC100.PDB
