Compilación iniciada a las 11/10/2013 16:39:38.
Proyecto "C:\Users\W7\Documents\Visual Studio 2010\Projects\ejercicio3Relacion2\ejercicio3Relacion2\ejercicio3Relacion2.vcxproj" en el nodo 2 (build destinos).
InitializeBuildStatus:
  Se creará "Debug\ejercicio3Relacion2.unsuccessfulbuild" porque se especificó "AlwaysCreate".
ClCompile:
  Todas las salidas están actualizadas.
ManifestResourceCompile:
  Todas las salidas están actualizadas.
Link:
  C:\Program Files\Microsoft Visual Studio 10.0\VC\bin\link.exe /ERRORREPORT:PROMPT /OUT:"C:\Users\W7\Documents\Visual Studio 2010\Projects\ejercicio3Relacion2\Debug\ejercicio3Relacion2.exe" /INCREMENTAL /NOLOGO kernel32.lib user32.lib gdi32.lib winspool.lib comdlg32.lib advapi32.lib shell32.lib ole32.lib oleaut32.lib uuid.lib odbc32.lib odbccp32.lib /MANIFEST /ManifestFile:"Debug\ejercicio3Relacion2.exe.intermediate.manifest" /MANIFESTUAC:"level='asInvoker' uiAccess='false'" /DEBUG /PDB:"C:\Users\W7\Documents\Visual Studio 2010\Projects\ejercicio3Relacion2\Debug\ejercicio3Relacion2.pdb" /SUBSYSTEM:CONSOLE /TLBID:1 /DYNAMICBASE /NXCOMPAT /IMPLIB:"C:\Users\W7\Documents\Visual Studio 2010\Projects\ejercicio3Relacion2\Debug\ejercicio3Relacion2.lib" /MACHINE:X86 Debug\ejercicio3Relacion2.exe.embed.manifest.res
  Debug\Ejercicio3Relacion2.obj
Manifest:
  C:\Program Files\Microsoft SDKs\Windows\v7.0A\bin\mt.exe /nologo /verbose /out:"Debug\ejercicio3Relacion2.exe.embed.manifest" /manifest Debug\ejercicio3Relacion2.exe.intermediate.manifest
  Todas las salidas están actualizadas.
LinkEmbedManifest:
  Todas las salidas están actualizadas.
  ejercicio3Relacion2.vcxproj -> C:\Users\W7\Documents\Visual Studio 2010\Projects\ejercicio3Relacion2\Debug\ejercicio3Relacion2.exe
FinalizeBuildStatus:
  Se eliminará el archivo "Debug\ejercicio3Relacion2.unsuccessfulbuild".
  Aplicando tarea Touch a "Debug\ejercicio3Relacion2.lastbuildstate".
Compilación del proyecto terminada "C:\Users\W7\Documents\Visual Studio 2010\Projects\ejercicio3Relacion2\ejercicio3Relacion2\ejercicio3Relacion2.vcxproj" (build destinos).

Compilación correcta.

Tiempo transcurrido 00:00:02.81
