C:\USERS\W7\DOCUMENTS\VISUAL STUDIO 2010\PROJECTS\EJERCICIO22RELACION1\DEBUG\EJERCICIO22RELACION1.EXE
C:\USERS\W7\DOCUMENTS\VISUAL STUDIO 2010\PROJECTS\EJERCICIO22RELACION1\DEBUG\EJERCICIO22RELACION1.ILK
C:\USERS\W7\DOCUMENTS\VISUAL STUDIO 2010\PROJECTS\EJERCICIO22RELACION1\DEBUG\EJERCICIO22RELACION1.PDB
c:\Users\W7\documents\visual studio 2010\Projects\ejercicio22relacion1\ejercicio22relacion1\Debug\cl.command.1.tlog
c:\Users\W7\documents\visual studio 2010\Projects\ejercicio22relacion1\ejercicio22relacion1\Debug\CL.read.1.tlog
c:\Users\W7\documents\visual studio 2010\Projects\ejercicio22relacion1\ejercicio22relacion1\Debug\CL.write.1.tlog
C:\USERS\W7\DOCUMENTS\VISUAL STUDIO 2010\PROJECTS\EJERCICIO22RELACION1\EJERCICIO22RELACION1\DEBUG\EJERCICIO22RELACION1.EXE.EMBED.MANIFEST
C:\USERS\W7\DOCUMENTS\VISUAL STUDIO 2010\PROJECTS\EJERCICIO22RELACION1\EJERCICIO22RELACION1\DEBUG\EJERCICIO22RELACION1.EXE.EMBED.MANIFEST.RES
C:\USERS\W7\DOCUMENTS\VISUAL STUDIO 2010\PROJECTS\EJERCICIO22RELACION1\EJERCICIO22RELACION1\DEBUG\EJERCICIO22RELACION1.EXE.INTERMEDIATE.MANIFEST
C:\USERS\W7\DOCUMENTS\VISUAL STUDIO 2010\PROJECTS\EJERCICIO22RELACION1\EJERCICIO22RELACION1\DEBUG\EJERCICIO22RELACION1.OBJ
c:\Users\W7\documents\visual studio 2010\Projects\ejercicio22relacion1\ejercicio22relacion1\Debug\ejercicio22relacion1_manifest.rc
c:\Users\W7\documents\visual studio 2010\Projects\ejercicio22relacion1\ejercicio22relacion1\Debug\link.command.1.tlog
c:\Users\W7\documents\visual studio 2010\Projects\ejercicio22relacion1\ejercicio22relacion1\Debug\link.read.1.tlog
c:\Users\W7\documents\visual studio 2010\Projects\ejercicio22relacion1\ejercicio22relacion1\Debug\link.write.1.tlog
c:\Users\W7\documents\visual studio 2010\Projects\ejercicio22relacion1\ejercicio22relacion1\Debug\link-cvtres.read.1.tlog
c:\Users\W7\documents\visual studio 2010\Projects\ejercicio22relacion1\ejercicio22relacion1\Debug\link-cvtres.write.1.tlog
c:\Users\W7\documents\visual studio 2010\Projects\ejercicio22relacion1\ejercicio22relacion1\Debug\mt.command.1.tlog
c:\Users\W7\documents\visual studio 2010\Projects\ejercicio22relacion1\ejercicio22relacion1\Debug\mt.read.1.tlog
c:\Users\W7\documents\visual studio 2010\Projects\ejercicio22relacion1\ejercicio22relacion1\Debug\mt.write.1.tlog
c:\Users\W7\documents\visual studio 2010\Projects\ejercicio22relacion1\ejercicio22relacion1\Debug\rc.command.1.tlog
c:\Users\W7\documents\visual studio 2010\Projects\ejercicio22relacion1\ejercicio22relacion1\Debug\rc.read.1.tlog
c:\Users\W7\documents\visual studio 2010\Projects\ejercicio22relacion1\ejercicio22relacion1\Debug\rc.write.1.tlog
c:\Users\W7\documents\visual studio 2010\Projects\ejercicio22relacion1\ejercicio22relacion1\Debug\vc100.idb
C:\USERS\W7\DOCUMENTS\VISUAL STUDIO 2010\PROJECTS\EJERCICIO22RELACION1\EJERCICIO22RELACION1\DEBUG\VC100.PDB
