Compilación iniciada a las 04/10/2013 16:52:51.
Proyecto "c:\Users\W7\documents\visual studio 2010\Projects\MediayDesviacion\MediayDesviacion\MediayDesviacion.vcxproj" en el nodo 2 (rebuild destinos).
_PrepareForClean:
  Se eliminará el archivo "Debug\MediayDesviacion.lastbuildstate".
InitializeBuildStatus:
  Se creará "Debug\MediayDesviacion.unsuccessfulbuild" porque se especificó "AlwaysCreate".
ClCompile:
  C:\Program Files\Microsoft Visual Studio 10.0\VC\bin\CL.exe /c /ZI /nologo /W3 /WX- /Od /Oy- /D WIN32 /D _DEBUG /D _CONSOLE /D _UNICODE /D UNICODE /Gm /EHsc /RTC1 /MDd /GS /fp:precise /Zc:wchar_t /Zc:forScope /Fo"Debug\\" /Fd"Debug\vc100.pdb" /Gd /TP /analyze- /errorReport:prompt MediayDesviacion.cpp
  MediayDesviacion.cpp
ManifestResourceCompile:
  C:\Program Files\Microsoft SDKs\Windows\v7.0A\bin\rc.exe /nologo /fo"Debug\MediayDesviacion.exe.embed.manifest.res" Debug\MediayDesviacion_manifest.rc 
Link:
  C:\Program Files\Microsoft Visual Studio 10.0\VC\bin\link.exe /ERRORREPORT:PROMPT /OUT:"c:\users\w7\documents\visual studio 2010\Projects\MediayDesviacion\Debug\MediayDesviacion.exe" /INCREMENTAL /NOLOGO kernel32.lib user32.lib gdi32.lib winspool.lib comdlg32.lib advapi32.lib shell32.lib ole32.lib oleaut32.lib uuid.lib odbc32.lib odbccp32.lib /MANIFEST /ManifestFile:"Debug\MediayDesviacion.exe.intermediate.manifest" /MANIFESTUAC:"level='asInvoker' uiAccess='false'" /DEBUG /PDB:"c:\users\w7\documents\visual studio 2010\Projects\MediayDesviacion\Debug\MediayDesviacion.pdb" /SUBSYSTEM:CONSOLE /TLBID:1 /DYNAMICBASE /NXCOMPAT /IMPLIB:"c:\users\w7\documents\visual studio 2010\Projects\MediayDesviacion\Debug\MediayDesviacion.lib" /MACHINE:X86 Debug\MediayDesviacion.exe.embed.manifest.res
  Debug\MediayDesviacion.obj
Manifest:
  Se eliminará el archivo "Debug\MediayDesviacion.exe.embed.manifest".
  C:\Program Files\Microsoft SDKs\Windows\v7.0A\bin\mt.exe /nologo /verbose /out:"Debug\MediayDesviacion.exe.embed.manifest" /manifest Debug\MediayDesviacion.exe.intermediate.manifest
  C:\Program Files\Microsoft SDKs\Windows\v7.0A\bin\rc.exe /nologo /fo"Debug\MediayDesviacion.exe.embed.manifest.res" Debug\MediayDesviacion_manifest.rc 
LinkEmbedManifest:
  C:\Program Files\Microsoft Visual Studio 10.0\VC\bin\link.exe /ERRORREPORT:PROMPT /OUT:"c:\users\w7\documents\visual studio 2010\Projects\MediayDesviacion\Debug\MediayDesviacion.exe" /INCREMENTAL /NOLOGO kernel32.lib user32.lib gdi32.lib winspool.lib comdlg32.lib advapi32.lib shell32.lib ole32.lib oleaut32.lib uuid.lib odbc32.lib odbccp32.lib /MANIFEST /ManifestFile:"Debug\MediayDesviacion.exe.intermediate.manifest" /MANIFESTUAC:"level='asInvoker' uiAccess='false'" /DEBUG /PDB:"c:\users\w7\documents\visual studio 2010\Projects\MediayDesviacion\Debug\MediayDesviacion.pdb" /SUBSYSTEM:CONSOLE /TLBID:1 /DYNAMICBASE /NXCOMPAT /IMPLIB:"c:\users\w7\documents\visual studio 2010\Projects\MediayDesviacion\Debug\MediayDesviacion.lib" /MACHINE:X86 Debug\MediayDesviacion.exe.embed.manifest.res
  Debug\MediayDesviacion.obj
  MediayDesviacion.vcxproj -> c:\users\w7\documents\visual studio 2010\Projects\MediayDesviacion\Debug\MediayDesviacion.exe
FinalizeBuildStatus:
  Se eliminará el archivo "Debug\MediayDesviacion.unsuccessfulbuild".
  Aplicando tarea Touch a "Debug\MediayDesviacion.lastbuildstate".
Compilación del proyecto terminada "c:\Users\W7\documents\visual studio 2010\Projects\MediayDesviacion\MediayDesviacion\MediayDesviacion.vcxproj" (rebuild destinos).

Compilación correcta.

Tiempo transcurrido 00:00:04.21
