C:\USERS\W7\DOCUMENTS\VISUAL STUDIO 2010\PROJECTS\MEDIAYDESVIACION\DEBUG\MEDIAYDESVIACION.EXE
C:\USERS\W7\DOCUMENTS\VISUAL STUDIO 2010\PROJECTS\MEDIAYDESVIACION\DEBUG\MEDIAYDESVIACION.ILK
C:\USERS\W7\DOCUMENTS\VISUAL STUDIO 2010\PROJECTS\MEDIAYDESVIACION\DEBUG\MEDIAYDESVIACION.PDB
c:\Users\W7\documents\visual studio 2010\Projects\MediayDesviacion\MediayDesviacion\Debug\cl.command.1.tlog
c:\Users\W7\documents\visual studio 2010\Projects\MediayDesviacion\MediayDesviacion\Debug\CL.read.1.tlog
c:\Users\W7\documents\visual studio 2010\Projects\MediayDesviacion\MediayDesviacion\Debug\CL.write.1.tlog
c:\Users\W7\documents\visual studio 2010\Projects\MediayDesviacion\MediayDesviacion\Debug\link.command.1.tlog
c:\Users\W7\documents\visual studio 2010\Projects\MediayDesviacion\MediayDesviacion\Debug\link.read.1.tlog
c:\Users\W7\documents\visual studio 2010\Projects\MediayDesviacion\MediayDesviacion\Debug\link.write.1.tlog
c:\Users\W7\documents\visual studio 2010\Projects\MediayDesviacion\MediayDesviacion\Debug\link-cvtres.read.1.tlog
c:\Users\W7\documents\visual studio 2010\Projects\MediayDesviacion\MediayDesviacion\Debug\link-cvtres.write.1.tlog
C:\USERS\W7\DOCUMENTS\VISUAL STUDIO 2010\PROJECTS\MEDIAYDESVIACION\MEDIAYDESVIACION\DEBUG\MEDIAYDESVIACION.EXE.EMBED.MANIFEST
C:\USERS\W7\DOCUMENTS\VISUAL STUDIO 2010\PROJECTS\MEDIAYDESVIACION\MEDIAYDESVIACION\DEBUG\MEDIAYDESVIACION.EXE.EMBED.MANIFEST.RES
C:\USERS\W7\DOCUMENTS\VISUAL STUDIO 2010\PROJECTS\MEDIAYDESVIACION\MEDIAYDESVIACION\DEBUG\MEDIAYDESVIACION.EXE.INTERMEDIATE.MANIFEST
C:\USERS\W7\DOCUMENTS\VISUAL STUDIO 2010\PROJECTS\MEDIAYDESVIACION\MEDIAYDESVIACION\DEBUG\MEDIAYDESVIACION.OBJ
c:\Users\W7\documents\visual studio 2010\Projects\MediayDesviacion\MediayDesviacion\Debug\MediayDesviacion_manifest.rc
c:\Users\W7\documents\visual studio 2010\Projects\MediayDesviacion\MediayDesviacion\Debug\mt.command.1.tlog
c:\Users\W7\documents\visual studio 2010\Projects\MediayDesviacion\MediayDesviacion\Debug\mt.read.1.tlog
c:\Users\W7\documents\visual studio 2010\Projects\MediayDesviacion\MediayDesviacion\Debug\mt.write.1.tlog
c:\Users\W7\documents\visual studio 2010\Projects\MediayDesviacion\MediayDesviacion\Debug\rc.command.1.tlog
c:\Users\W7\documents\visual studio 2010\Projects\MediayDesviacion\MediayDesviacion\Debug\rc.read.1.tlog
c:\Users\W7\documents\visual studio 2010\Projects\MediayDesviacion\MediayDesviacion\Debug\rc.write.1.tlog
c:\Users\W7\documents\visual studio 2010\Projects\MediayDesviacion\MediayDesviacion\Debug\vc100.idb
C:\USERS\W7\DOCUMENTS\VISUAL STUDIO 2010\PROJECTS\MEDIAYDESVIACION\MEDIAYDESVIACION\DEBUG\VC100.PDB
