Compilación iniciada a las 28/11/2013 11:18:18.
Proyecto "E:\Prasticas Fp\GregorioVidoyFajardosesion9\ejercicio5relacion4\ejercicio5relacion4\ejercicio5relacion4.vcxproj" en el nodo 2 (build destinos).
InitializeBuildStatus:
  Se creará "Debug\ejercicio5relacion4.unsuccessfulbuild" porque se especificó "AlwaysCreate".
ClCompile:
  C:\Archivos de programa\Microsoft Visual Studio 10.0\VC\bin\CL.exe /c /ZI /nologo /W4 /WX- /Od /Oy- /Gm- /EHsc /RTCc /RTC1 /MDd /GS /fp:precise /Zc:wchar_t /Zc:forScope /Fo"Debug\\" /Fd"Debug\vc100.pdb" /Gd /TP /analyze- /errorReport:prompt ejercicio5relacion4.cpp
  ejercicio5relacion4.cpp
e:\prasticas fp\gregoriovidoyfajardosesion9\ejercicio5relacion4\ejercicio5relacion4\ejercicio5relacion4.cpp(38): warning C4189: 'dis_may_min' : la variable local se ha inicializado pero no se hace referencia a ella
e:\prasticas fp\gregoriovidoyfajardosesion9\ejercicio5relacion4\ejercicio5relacion4\ejercicio5relacion4.cpp(179): warning C4189: 'pos2' : la variable local se ha inicializado pero no se hace referencia a ella
e:\prasticas fp\gregoriovidoyfajardosesion9\ejercicio5relacion4\ejercicio5relacion4\ejercicio5relacion4.cpp(180): warning C4189: 'aux' : la variable local se ha inicializado pero no se hace referencia a ella
e:\prasticas fp\gregoriovidoyfajardosesion9\ejercicio5relacion4\ejercicio5relacion4\ejercicio5relacion4.cpp(178): warning C4189: 'pos' : la variable local se ha inicializado pero no se hace referencia a ella
Link:
  C:\Archivos de programa\Microsoft Visual Studio 10.0\VC\bin\link.exe /ERRORREPORT:PROMPT /OUT:"E:\Prasticas Fp\GregorioVidoyFajardosesion9\ejercicio5relacion4\Debug\/ejercicio5relacion4.exe" /NOLOGO kernel32.lib user32.lib gdi32.lib winspool.lib comdlg32.lib advapi32.lib shell32.lib ole32.lib oleaut32.lib uuid.lib odbc32.lib odbccp32.lib /MANIFEST /ManifestFile:"Debug\ejercicio5relacion4.exe.intermediate.manifest" /MANIFESTUAC:"level='asInvoker' uiAccess='false'" /DEBUG /PDB:"E:\Prasticas Fp\GregorioVidoyFajardosesion9\ejercicio5relacion4\Debug\/ejercicio5relacion4.pdb" /SUBSYSTEM:CONSOLE /TLBID:1 /DYNAMICBASE /NXCOMPAT /IMPLIB:"E:\Prasticas Fp\GregorioVidoyFajardosesion9\ejercicio5relacion4\Debug\ejercicio5relacion4.lib" Debug\ejercicio5relacion4.obj
  LINK : no se encontró E:\Prasticas Fp\GregorioVidoyFajardosesion9\ejercicio5relacion4\Debug\/ejercicio5relacion4.exe o no lo generó el último vínculo incremental; ejecutando vínculo completo
  ejercicio5relacion4.vcxproj -> E:\Prasticas Fp\GregorioVidoyFajardosesion9\ejercicio5relacion4\Debug\ejercicio5relacion4.exe
Manifest:
  C:\Archivos de programa\Microsoft SDKs\Windows\v7.0A\bin\mt.exe /nologo /verbose /outputresource:"E:\Prasticas Fp\GregorioVidoyFajardosesion9\ejercicio5relacion4\Debug\/ejercicio5relacion4.exe;#1" /manifest Debug\ejercicio5relacion4.exe.intermediate.manifest
FinalizeBuildStatus:
  Se eliminará el archivo "Debug\ejercicio5relacion4.unsuccessfulbuild".
  Aplicando tarea Touch a "Debug\ejercicio5relacion4.lastbuildstate".
Compilación del proyecto terminada "E:\Prasticas Fp\GregorioVidoyFajardosesion9\ejercicio5relacion4\ejercicio5relacion4\ejercicio5relacion4.vcxproj" (build destinos).

Compilación correcta.

Tiempo transcurrido 00:00:03.73
