Compilación iniciada a las 20/10/2013 20:28:05.
Proyecto "Z:\GregorioVidoyFajardoSesion4\Ejercicio17relacion2\Ejercicio17relacion2\Ejercicio17relacion2.vcxproj" en el nodo 2 (build destinos).
InitializeBuildStatus:
  Se creará "Debug\Ejercicio17relacion2.unsuccessfulbuild" porque se especificó "AlwaysCreate".
ClCompile:
  C:\Program Files\Microsoft Visual Studio 10.0\VC\bin\CL.exe /c /ZI /nologo /W4 /WX- /Od /Oy- /Gm- /EHsc /RTCc /RTC1 /MDd /GS /fp:precise /Zc:wchar_t /Zc:forScope /Fo"Debug\\" /Fd"Debug\vc100.pdb" /Gd /TP /analyze- /errorReport:prompt Ejercicio17relacion2.cpp
  Ejercicio17relacion2.cpp
z:\gregoriovidoyfajardosesion4\ejercicio17relacion2\ejercicio17relacion2\ejercicio17relacion2.cpp(15): warning C4101: 'capital' : variable local sin referencia
z:\gregoriovidoyfajardosesion4\ejercicio17relacion2\ejercicio17relacion2\ejercicio17relacion2.cpp(18): warning C4189: 'i' : la variable local se ha inicializado pero no se hace referencia a ella
z:\gregoriovidoyfajardosesion4\ejercicio17relacion2\ejercicio17relacion2\ejercicio17relacion2.cpp(16): warning C4101: 'interes' : variable local sin referencia
z:\gregoriovidoyfajardosesion4\ejercicio17relacion2\ejercicio17relacion2\ejercicio17relacion2.cpp(17): warning C4189: 'año' : la variable local se ha inicializado pero no se hace referencia a ella
Link:
  C:\Program Files\Microsoft Visual Studio 10.0\VC\bin\link.exe /ERRORREPORT:PROMPT /OUT:"Z:\GregorioVidoyFajardoSesion4\Ejercicio17relacion2\Debug\/Ejercicio17relacion2.exe" /NOLOGO kernel32.lib user32.lib gdi32.lib winspool.lib comdlg32.lib advapi32.lib shell32.lib ole32.lib oleaut32.lib uuid.lib odbc32.lib odbccp32.lib /MANIFEST /ManifestFile:"Debug\Ejercicio17relacion2.exe.intermediate.manifest" /MANIFESTUAC:"level='asInvoker' uiAccess='false'" /DEBUG /PDB:"Z:\GregorioVidoyFajardoSesion4\Ejercicio17relacion2\Debug\/Ejercicio17relacion2.pdb" /SUBSYSTEM:CONSOLE /TLBID:1 /DYNAMICBASE /NXCOMPAT /IMPLIB:"Z:\GregorioVidoyFajardoSesion4\Ejercicio17relacion2\Debug\Ejercicio17relacion2.lib" Debug\Ejercicio17relacion2.obj
  LINK : no se encontró Z:\GregorioVidoyFajardoSesion4\Ejercicio17relacion2\Debug\/Ejercicio17relacion2.exe o no lo generó el último vínculo incremental; ejecutando vínculo completo
  Ejercicio17relacion2.vcxproj -> Z:\GregorioVidoyFajardoSesion4\Ejercicio17relacion2\Debug\Ejercicio17relacion2.exe
Manifest:
  C:\Program Files\Microsoft SDKs\Windows\v7.0A\bin\mt.exe /nologo /verbose /outputresource:"Z:\GregorioVidoyFajardoSesion4\Ejercicio17relacion2\Debug\/Ejercicio17relacion2.exe;#1" /manifest Debug\Ejercicio17relacion2.exe.intermediate.manifest
FinalizeBuildStatus:
  Se eliminará el archivo "Debug\Ejercicio17relacion2.unsuccessfulbuild".
  Aplicando tarea Touch a "Debug\Ejercicio17relacion2.lastbuildstate".
Compilación del proyecto terminada "Z:\GregorioVidoyFajardoSesion4\Ejercicio17relacion2\Ejercicio17relacion2\Ejercicio17relacion2.vcxproj" (build destinos).

Compilación correcta.

Tiempo transcurrido 00:00:03.87
