Compilación iniciada a las 29/10/2013 21:25:18.
Proyecto "c:\documents and settings\administrador\mis documentos\visual studio 2010\Projects\ejercicio5Relacion3\ejercicio5Relacion3\ejercicio5Relacion3.vcxproj" en el nodo 2 (build destinos).
InitializeBuildStatus:
  Se creará "Debug\ejercicio5Relacion3.unsuccessfulbuild" porque se especificó "AlwaysCreate".
ClCompile:
  C:\Archivos de programa\Microsoft Visual Studio 10.0\VC\bin\CL.exe /c /ZI /nologo /W4 /WX- /Od /Oy- /Gm- /EHsc /RTCc /RTC1 /MDd /GS /fp:precise /Zc:wchar_t /Zc:forScope /Fo"Debug\\" /Fd"Debug\vc100.pdb" /Gd /TP /analyze- /errorReport:prompt ejercicio5Relacion3.cpp
  ejercicio5Relacion3.cpp
c:\documents and settings\administrador\mis documentos\visual studio 2010\projects\ejercicio5relacion3\ejercicio5relacion3\ejercicio5relacion3.cpp(26): warning C4800: 'int' : forzando el valor a bool 'true' o 'false' (advertencia de rendimiento)
c:\documents and settings\administrador\mis documentos\visual studio 2010\projects\ejercicio5relacion3\ejercicio5relacion3\ejercicio5relacion3.cpp(48): warning C4244: '=' : conversión de 'int' a 'char'; posible pérdida de datos
c:\documents and settings\administrador\mis documentos\visual studio 2010\projects\ejercicio5relacion3\ejercicio5relacion3\ejercicio5relacion3.cpp(43): warning C4101: 'comprueba' : variable local sin referencia
Link:
  C:\Archivos de programa\Microsoft Visual Studio 10.0\VC\bin\link.exe /ERRORREPORT:PROMPT /OUT:"c:\documents and settings\administrador\mis documentos\visual studio 2010\Projects\ejercicio5Relacion3\Debug\/ejercicio5Relacion3.exe" /NOLOGO kernel32.lib user32.lib gdi32.lib winspool.lib comdlg32.lib advapi32.lib shell32.lib ole32.lib oleaut32.lib uuid.lib odbc32.lib odbccp32.lib /MANIFEST /ManifestFile:"Debug\ejercicio5Relacion3.exe.intermediate.manifest" /MANIFESTUAC:"level='asInvoker' uiAccess='false'" /DEBUG /PDB:"c:\documents and settings\administrador\mis documentos\visual studio 2010\Projects\ejercicio5Relacion3\Debug\/ejercicio5Relacion3.pdb" /SUBSYSTEM:CONSOLE /TLBID:1 /DYNAMICBASE /NXCOMPAT /IMPLIB:"c:\documents and settings\administrador\mis documentos\visual studio 2010\Projects\ejercicio5Relacion3\Debug\ejercicio5Relacion3.lib" Debug\ejercicio5Relacion3.obj
  LINK : no se encontró c:\documents and settings\administrador\mis documentos\visual studio 2010\Projects\ejercicio5Relacion3\Debug\/ejercicio5Relacion3.exe o no lo generó el último vínculo incremental; ejecutando vínculo completo
  ejercicio5Relacion3.vcxproj -> c:\documents and settings\administrador\mis documentos\visual studio 2010\Projects\ejercicio5Relacion3\Debug\ejercicio5Relacion3.exe
Manifest:
  C:\Archivos de programa\Microsoft SDKs\Windows\v7.0A\bin\mt.exe /nologo /verbose /outputresource:"c:\documents and settings\administrador\mis documentos\visual studio 2010\Projects\ejercicio5Relacion3\Debug\/ejercicio5Relacion3.exe;#1" /manifest Debug\ejercicio5Relacion3.exe.intermediate.manifest
FinalizeBuildStatus:
  Se eliminará el archivo "Debug\ejercicio5Relacion3.unsuccessfulbuild".
  Aplicando tarea Touch a "Debug\ejercicio5Relacion3.lastbuildstate".
Compilación del proyecto terminada "c:\documents and settings\administrador\mis documentos\visual studio 2010\Projects\ejercicio5Relacion3\ejercicio5Relacion3\ejercicio5Relacion3.vcxproj" (build destinos).

Compilación correcta.

Tiempo transcurrido 00:00:02.49
