C:\USERS\W7\DOCUMENTS\VISUAL STUDIO 2010\PROJECTS\GAUSSIANA\DEBUG\GAUSSIANA.EXE
C:\USERS\W7\DOCUMENTS\VISUAL STUDIO 2010\PROJECTS\GAUSSIANA\DEBUG\GAUSSIANA.ILK
C:\USERS\W7\DOCUMENTS\VISUAL STUDIO 2010\PROJECTS\GAUSSIANA\DEBUG\GAUSSIANA.PDB
C:\USERS\W7\DOCUMENTS\VISUAL STUDIO 2010\PROJECTS\GAUSSIANA\GAUSSIANA\DEBUG\GAUSSIANA.EXE.EMBED.MANIFEST
C:\USERS\W7\DOCUMENTS\VISUAL STUDIO 2010\PROJECTS\GAUSSIANA\GAUSSIANA\DEBUG\GAUSSIANA.EXE.EMBED.MANIFEST.RES
C:\USERS\W7\DOCUMENTS\VISUAL STUDIO 2010\PROJECTS\GAUSSIANA\GAUSSIANA\DEBUG\GAUSSIANA.EXE.INTERMEDIATE.MANIFEST
C:\USERS\W7\DOCUMENTS\VISUAL STUDIO 2010\PROJECTS\GAUSSIANA\GAUSSIANA\DEBUG\GAUSSIANA.OBJ
C:\USERS\W7\DOCUMENTS\VISUAL STUDIO 2010\PROJECTS\GAUSSIANA\GAUSSIANA\DEBUG\VC100.PDB
Z:\GregorioVidoyFajardoSession2\gaussiana\Debug\gaussiana.exe
Z:\GregorioVidoyFajardoSession2\gaussiana\Debug\gaussiana.ilk
Z:\GregorioVidoyFajardoSession2\gaussiana\Debug\gaussiana.pdb
Z:\GregorioVidoyFajardoSession2\gaussiana\gaussiana\Debug\cl.command.1.tlog
Z:\GregorioVidoyFajardoSession2\gaussiana\gaussiana\Debug\CL.read.1.tlog
Z:\GregorioVidoyFajardoSession2\gaussiana\gaussiana\Debug\CL.write.1.tlog
Z:\GregorioVidoyFajardoSession2\gaussiana\gaussiana\Debug\gaussiana.exe.embed.manifest
Z:\GregorioVidoyFajardoSession2\gaussiana\gaussiana\Debug\gaussiana.exe.embed.manifest.res
Z:\GregorioVidoyFajardoSession2\gaussiana\gaussiana\Debug\gaussiana.exe.intermediate.manifest
Z:\GREGORIOVIDOYFAJARDOSESSION2\GAUSSIANA\GAUSSIANA\DEBUG\GAUSSIANA.OBJ
Z:\GregorioVidoyFajardoSession2\gaussiana\gaussiana\Debug\gaussiana_manifest.rc
Z:\GregorioVidoyFajardoSession2\gaussiana\gaussiana\Debug\link.3256.read.1.tlog
Z:\GregorioVidoyFajardoSession2\gaussiana\gaussiana\Debug\link.3256.write.1.tlog
Z:\GregorioVidoyFajardoSession2\gaussiana\gaussiana\Debug\link.3256-cvtres.read.1.tlog
Z:\GregorioVidoyFajardoSession2\gaussiana\gaussiana\Debug\link.3256-cvtres.write.1.tlog
Z:\GregorioVidoyFajardoSession2\gaussiana\gaussiana\Debug\link.command.1.tlog
Z:\GregorioVidoyFajardoSession2\gaussiana\gaussiana\Debug\link.read.1.tlog
Z:\GregorioVidoyFajardoSession2\gaussiana\gaussiana\Debug\link.write.1.tlog
Z:\GregorioVidoyFajardoSession2\gaussiana\gaussiana\Debug\link-cvtres.read.1.tlog
Z:\GregorioVidoyFajardoSession2\gaussiana\gaussiana\Debug\link-cvtres.write.1.tlog
Z:\GregorioVidoyFajardoSession2\gaussiana\gaussiana\Debug\mt.command.1.tlog
Z:\GregorioVidoyFajardoSession2\gaussiana\gaussiana\Debug\mt.read.1.tlog
Z:\GregorioVidoyFajardoSession2\gaussiana\gaussiana\Debug\mt.write.1.tlog
Z:\GregorioVidoyFajardoSession2\gaussiana\gaussiana\Debug\rc.command.1.tlog
Z:\GregorioVidoyFajardoSession2\gaussiana\gaussiana\Debug\rc.read.1.tlog
Z:\GregorioVidoyFajardoSession2\gaussiana\gaussiana\Debug\rc.write.1.tlog
Z:\GregorioVidoyFajardoSession2\gaussiana\gaussiana\Debug\vc100.idb
Z:\GREGORIOVIDOYFAJARDOSESSION2\GAUSSIANA\GAUSSIANA\DEBUG\VC100.PDB
