Compilación iniciada a las 05/10/2013 21:02:12.
Proyecto "Z:\GregorioVidoyFajardoSession2\gaussiana\gaussiana\gaussiana.vcxproj" en el nodo 2 (rebuild destinos).
_PrepareForClean:
  Se eliminará el archivo "Debug\gaussiana.lastbuildstate".
InitializeBuildStatus:
  Se creará "Debug\gaussiana.unsuccessfulbuild" porque se especificó "AlwaysCreate".
ClCompile:
  C:\Program Files\Microsoft Visual Studio 10.0\VC\bin\CL.exe /c /ZI /nologo /W3 /WX- /Od /Oy- /D WIN32 /D _DEBUG /D _CONSOLE /D _UNICODE /D UNICODE /Gm /EHsc /RTC1 /MDd /GS /fp:precise /Zc:wchar_t /Zc:forScope /Fo"Debug\\" /Fd"Debug\vc100.pdb" /Gd /TP /analyze- /errorReport:prompt gaussiana.cpp
  gaussiana.cpp
ManifestResourceCompile:
  C:\Program Files\Microsoft SDKs\Windows\v7.0A\bin\rc.exe /nologo /fo"Debug\gaussiana.exe.embed.manifest.res" Debug\gaussiana_manifest.rc 
Link:
  C:\Program Files\Microsoft Visual Studio 10.0\VC\bin\link.exe /ERRORREPORT:PROMPT /OUT:"Z:\GregorioVidoyFajardoSession2\gaussiana\Debug\gaussiana.exe" /INCREMENTAL /NOLOGO kernel32.lib user32.lib gdi32.lib winspool.lib comdlg32.lib advapi32.lib shell32.lib ole32.lib oleaut32.lib uuid.lib odbc32.lib odbccp32.lib /MANIFEST /ManifestFile:"Debug\gaussiana.exe.intermediate.manifest" /MANIFESTUAC:"level='asInvoker' uiAccess='false'" /DEBUG /PDB:"Z:\GregorioVidoyFajardoSession2\gaussiana\Debug\gaussiana.pdb" /SUBSYSTEM:CONSOLE /TLBID:1 /DYNAMICBASE /NXCOMPAT /IMPLIB:"Z:\GregorioVidoyFajardoSession2\gaussiana\Debug\gaussiana.lib" /MACHINE:X86 Debug\gaussiana.exe.embed.manifest.res
  Debug\gaussiana.obj
Manifest:
  Se eliminará el archivo "Debug\gaussiana.exe.embed.manifest".
  C:\Program Files\Microsoft SDKs\Windows\v7.0A\bin\mt.exe /nologo /verbose /out:"Debug\gaussiana.exe.embed.manifest" /manifest Debug\gaussiana.exe.intermediate.manifest
  C:\Program Files\Microsoft SDKs\Windows\v7.0A\bin\rc.exe /nologo /fo"Debug\gaussiana.exe.embed.manifest.res" Debug\gaussiana_manifest.rc 
LinkEmbedManifest:
  C:\Program Files\Microsoft Visual Studio 10.0\VC\bin\link.exe /ERRORREPORT:PROMPT /OUT:"Z:\GregorioVidoyFajardoSession2\gaussiana\Debug\gaussiana.exe" /INCREMENTAL /NOLOGO kernel32.lib user32.lib gdi32.lib winspool.lib comdlg32.lib advapi32.lib shell32.lib ole32.lib oleaut32.lib uuid.lib odbc32.lib odbccp32.lib /MANIFEST /ManifestFile:"Debug\gaussiana.exe.intermediate.manifest" /MANIFESTUAC:"level='asInvoker' uiAccess='false'" /DEBUG /PDB:"Z:\GregorioVidoyFajardoSession2\gaussiana\Debug\gaussiana.pdb" /SUBSYSTEM:CONSOLE /TLBID:1 /DYNAMICBASE /NXCOMPAT /IMPLIB:"Z:\GregorioVidoyFajardoSession2\gaussiana\Debug\gaussiana.lib" /MACHINE:X86 Debug\gaussiana.exe.embed.manifest.res
  Debug\gaussiana.obj
  gaussiana.vcxproj -> Z:\GregorioVidoyFajardoSession2\gaussiana\Debug\gaussiana.exe
FinalizeBuildStatus:
  Se eliminará el archivo "Debug\gaussiana.unsuccessfulbuild".
  Aplicando tarea Touch a "Debug\gaussiana.lastbuildstate".
Compilación del proyecto terminada "Z:\GregorioVidoyFajardoSession2\gaussiana\gaussiana\gaussiana.vcxproj" (rebuild destinos).

Compilación correcta.

Tiempo transcurrido 00:00:06.24
